  64 bit Processing .\Polygon.idl
  Polygon.idl
  64 bit Processing C:\Program Files (x86)\Windows Kits\10\Include\10.0.22621.0\um\oaidl.idl
  oaidl.idl
  64 bit Processing C:\Program Files (x86)\Windows Kits\10\Include\10.0.22621.0\um\objidl.idl
  objidl.idl
  64 bit Processing C:\Program Files (x86)\Windows Kits\10\Include\10.0.22621.0\um\unknwn.idl
  unknwn.idl
  64 bit Processing C:\Program Files (x86)\Windows Kits\10\Include\10.0.22621.0\shared\wtypes.idl
  wtypes.idl
  64 bit Processing C:\Program Files (x86)\Windows Kits\10\Include\10.0.22621.0\shared\wtypesbase.idl
  wtypesbase.idl
  64 bit Processing C:\Program Files (x86)\Windows Kits\10\Include\10.0.22621.0\shared\basetsd.h
  basetsd.h
  64 bit Processing C:\Program Files (x86)\Windows Kits\10\Include\10.0.22621.0\shared\guiddef.h
  guiddef.h
  64 bit Processing C:\Program Files (x86)\Windows Kits\10\Include\10.0.22621.0\um\ocidl.idl
  ocidl.idl
  64 bit Processing C:\Program Files (x86)\Windows Kits\10\Include\10.0.22621.0\um\oleidl.idl
  oleidl.idl
  64 bit Processing C:\Program Files (x86)\Windows Kits\10\Include\10.0.22621.0\um\servprov.idl
  servprov.idl
  64 bit Processing C:\Program Files (x86)\Windows Kits\10\Include\10.0.22621.0\um\urlmon.idl
  urlmon.idl
  64 bit Processing C:\Program Files (x86)\Windows Kits\10\Include\10.0.22621.0\um\msxml.idl
  msxml.idl
  64 bit Processing C:\Program Files (x86)\Windows Kits\10\Include\10.0.22621.0\um\oaidl.acf
  oaidl.acf
  64 bit Processing C:\Program Files (x86)\Windows Kits\10\Include\10.0.22621.0\um\ocidl.acf
  ocidl.acf
  pch.cpp
  ATLControl.cpp
  Polygon.cpp
  코드를 생성하고 있습니다...
  dllmain.cpp
  Polygon_i.c
     C:\Users\user\Desktop\project\S-dev-study\kernel\Polygon\x64\Debug\Polygon.lib 라이브러리 및 C:\Users\user\Desktop\project\S-dev-study\kernel\Polygon\x64\Debug\Polygon.exp 개체를 생성하고 있습니다.
  Polygon.vcxproj -> C:\Users\user\Desktop\project\S-dev-study\kernel\Polygon\x64\Debug\Polygon.dll
