c:\users\user\desktop\project\s-dev-study\kernel\polygon\x64\debug\polygon.pch
c:\users\user\desktop\project\s-dev-study\kernel\polygon\x64\debug\vc143.pdb
c:\users\user\desktop\project\s-dev-study\kernel\polygon\x64\debug\vc143.idb
c:\users\user\desktop\project\s-dev-study\kernel\polygon\x64\debug\pch.obj
c:\users\user\desktop\project\s-dev-study\kernel\polygon\x64\debug\polygon.obj
c:\users\user\desktop\project\s-dev-study\kernel\polygon\x64\debug\atlcontrol.obj
c:\users\user\desktop\project\s-dev-study\kernel\polygon\x64\debug\dllmain.obj
c:\users\user\desktop\project\s-dev-study\kernel\polygon\x64\debug\polygon_i.obj
c:\users\user\desktop\project\s-dev-study\kernel\polygon\x64\debug\polygon.ilk
c:\users\user\desktop\project\s-dev-study\kernel\polygon\x64\debug\polygon.dll
c:\users\user\desktop\project\s-dev-study\kernel\polygon\x64\debug\polygon.pdb
c:\users\user\desktop\project\s-dev-study\kernel\polygon\x64\debug\polygon.lib
c:\users\user\desktop\project\s-dev-study\kernel\polygon\x64\debug\polygon.exp
c:\users\user\desktop\project\s-dev-study\kernel\polygon\x64\debug\polygon.tlb
c:\users\user\desktop\project\s-dev-study\kernel\polygon\polygon_p.c
c:\users\user\desktop\project\s-dev-study\kernel\polygon\polygon_i.c
c:\users\user\desktop\project\s-dev-study\kernel\polygon\polygon_i.h
c:\users\user\desktop\project\s-dev-study\kernel\polygon\x64\debug\polygon.res
c:\users\user\desktop\project\s-dev-study\kernel\polygon\x64\debug\polygon.tlog\cl.command.1.tlog
c:\users\user\desktop\project\s-dev-study\kernel\polygon\x64\debug\polygon.tlog\cl.items.tlog
c:\users\user\desktop\project\s-dev-study\kernel\polygon\x64\debug\polygon.tlog\cl.read.1.tlog
c:\users\user\desktop\project\s-dev-study\kernel\polygon\x64\debug\polygon.tlog\cl.write.1.tlog
c:\users\user\desktop\project\s-dev-study\kernel\polygon\x64\debug\polygon.tlog\link.command.1.tlog
c:\users\user\desktop\project\s-dev-study\kernel\polygon\x64\debug\polygon.tlog\link.read.1.tlog
c:\users\user\desktop\project\s-dev-study\kernel\polygon\x64\debug\polygon.tlog\link.write.1.tlog
c:\users\user\desktop\project\s-dev-study\kernel\polygon\x64\debug\polygon.tlog\link.write.2u.tlog
c:\users\user\desktop\project\s-dev-study\kernel\polygon\x64\debug\polygon.tlog\midl.command.1.tlog
c:\users\user\desktop\project\s-dev-study\kernel\polygon\x64\debug\polygon.tlog\midl.read.1.tlog
c:\users\user\desktop\project\s-dev-study\kernel\polygon\x64\debug\polygon.tlog\midl.write.1.tlog
c:\users\user\desktop\project\s-dev-study\kernel\polygon\x64\debug\polygon.tlog\rc.command.1.tlog
c:\users\user\desktop\project\s-dev-study\kernel\polygon\x64\debug\polygon.tlog\rc.read.1.tlog
c:\users\user\desktop\project\s-dev-study\kernel\polygon\x64\debug\polygon.tlog\rc.write.1.tlog
